Warning[205] C:\USERS\BAVIN\MPLABXPROJECTS\CC_16F887_ASM.X\MAIN.ASM 5 : Found directive in column 1. (__CONFIG)
Warning[205] C:\USERS\BAVIN\MPLABXPROJECTS\CC_16F887_ASM.X\MAIN.ASM 6 : Found directive in column 1. (__CONFIG)
Warning[205] C:\USERS\BAVIN\MPLABXPROJECTS\CC_16F887_ASM.X\MAIN.ASM 7 : Found directive in column 1. (CBLOCK)
Warning[205] C:\USERS\BAVIN\MPLABXPROJECTS\CC_16F887_ASM.X\MAIN.ASM 16 : Found directive in column 1. (ENDC)
Message[302] C:\USERS\BAVIN\MPLABXPROJECTS\CC_16F887_ASM.X\MAIN.ASM 69 : Register in operand not in bank 0.  Ensure that bank bits are correct.
Message[302] C:\USERS\BAVIN\MPLABXPROJECTS\CC_16F887_ASM.X\MAIN.ASM 72 : Register in operand not in bank 0.  Ensure that bank bits are correct.
Message[302] C:\USERS\BAVIN\MPLABXPROJECTS\CC_16F887_ASM.X\MAIN.ASM 73 : Register in operand not in bank 0.  Ensure that bank bits are correct.
Message[302] C:\USERS\BAVIN\MPLABXPROJECTS\CC_16F887_ASM.X\MAIN.ASM 78 : Register in operand not in bank 0.  Ensure that bank bits are correct.
Message[302] C:\USERS\BAVIN\MPLABXPROJECTS\CC_16F887_ASM.X\MAIN.ASM 79 : Register in operand not in bank 0.  Ensure that bank bits are correct.
Message[302] C:\USERS\BAVIN\MPLABXPROJECTS\CC_16F887_ASM.X\MAIN.ASM 82 : Register in operand not in bank 0.  Ensure that bank bits are correct.
Message[302] C:\USERS\BAVIN\MPLABXPROJECTS\CC_16F887_ASM.X\MAIN.ASM 92 : Register in operand not in bank 0.  Ensure that bank bits are correct.
Message[302] C:\USERS\BAVIN\MPLABXPROJECTS\CC_16F887_ASM.X\MAIN.ASM 94 : Register in operand not in bank 0.  Ensure that bank bits are correct.
Message[302] C:\USERS\BAVIN\MPLABXPROJECTS\CC_16F887_ASM.X\MAIN.ASM 104 : Register in operand not in bank 0.  Ensure that bank bits are correct.
Message[302] C:\USERS\BAVIN\MPLABXPROJECTS\CC_16F887_ASM.X\MAIN.ASM 112 : Register in operand not in bank 0.  Ensure that bank bits are correct.
Message[302] C:\USERS\BAVIN\MPLABXPROJECTS\CC_16F887_ASM.X\MAIN.ASM 113 : Register in operand not in bank 0.  Ensure that bank bits are correct.
Message[302] C:\USERS\BAVIN\MPLABXPROJECTS\CC_16F887_ASM.X\MAIN.ASM 114 : Register in operand not in bank 0.  Ensure that bank bits are correct.
Message[302] C:\USERS\BAVIN\MPLABXPROJECTS\CC_16F887_ASM.X\MAIN.ASM 115 : Register in operand not in bank 0.  Ensure that bank bits are correct.
Message[302] C:\USERS\BAVIN\MPLABXPROJECTS\CC_16F887_ASM.X\MAIN.ASM 116 : Register in operand not in bank 0.  Ensure that bank bits are correct.
Message[302] C:\USERS\BAVIN\MPLABXPROJECTS\CC_16F887_ASM.X\MAIN.ASM 124 : Register in operand not in bank 0.  Ensure that bank bits are correct.
Message[302] C:\USERS\BAVIN\MPLABXPROJECTS\CC_16F887_ASM.X\MAIN.ASM 125 : Register in operand not in bank 0.  Ensure that bank bits are correct.
Message[302] C:\USERS\BAVIN\MPLABXPROJECTS\CC_16F887_ASM.X\MAIN.ASM 128 : Register in operand not in bank 0.  Ensure that bank bits are correct.
Message[302] C:\USERS\BAVIN\MPLABXPROJECTS\CC_16F887_ASM.X\MAIN.ASM 131 : Register in operand not in bank 0.  Ensure that bank bits are correct.
Message[302] C:\USERS\BAVIN\MPLABXPROJECTS\CC_16F887_ASM.X\MAIN.ASM 132 : Register in operand not in bank 0.  Ensure that bank bits are correct.
Message[302] C:\USERS\BAVIN\MPLABXPROJECTS\CC_16F887_ASM.X\MAIN.ASM 133 : Register in operand not in bank 0.  Ensure that bank bits are correct.
Message[302] C:\USERS\BAVIN\MPLABXPROJECTS\CC_16F887_ASM.X\MAIN.ASM 137 : Register in operand not in bank 0.  Ensure that bank bits are correct.
Message[302] C:\USERS\BAVIN\MPLABXPROJECTS\CC_16F887_ASM.X\MAIN.ASM 143 : Register in operand not in bank 0.  Ensure that bank bits are correct.
Warning[205] C:\USERS\BAVIN\MPLABXPROJECTS\CC_16F887_ASM.X\MAIN.ASM 198 : Found directive in column 1. (END)
