MPASM 5.68                          MAIN.ASM   3-25-2026  22:09:38         PAGE  1


LOC  OBJECT CODE     LINE SOURCE TEXT
  VALUE

                      00001     PROCESSOR 16F887
                      00002     #include <p16f887.inc>
                      00001         LIST
                      00002 
                      00003 ;==========================================================================
                      00004 ; Build date : May 15 2016
                      00005 ;  MPASM PIC16F887 processor include
                      00006 ; 
                      00007 ;  (c) Copyright 1999-2016 Microchip Technology, All rights reserved
                      00008 ;==========================================================================
                      00009 
                      00810         LIST
                      00003 
                      00004 
Warning[205]: Found directive in column 1. (__CONFIG)
2007   2FF4           00005 __CONFIG _CONFIG1, _INTRC_OSC_NOCLKOUT & _WDT_OFF & _LVP_OFF & _MCLRE_ON 
Warning[205]: Found directive in column 1. (__CONFIG)
2008   3FFF           00006 __CONFIG _CONFIG2, _BOR4V_BOR40V & _WRT_OFF
Warning[205]: Found directive in column 1. (CBLOCK)
                      00007 CBLOCK 0x70
  00000070            00008     W_TEMP      ;0x70
  00000071            00009     S_TEMP      ;0x71
  00000072            00010     LED_POS     ;0x72
  00000073            00011     COUNTER     ;0x73
  00000074            00012     ADC_DATA    ;0x74
  00000075            00013     LED_DATA
                      00014    
Warning[205]: Found directive in column 1. (ENDC)
                      00015 ENDC
                      00016 ;RESET VECTOR
                      00017     ORG     0x00
0000   2???           00018     GOTO    MAIN_INIT
                      00019 ;INTERRUPT VECTOR
                      00020     ORG     0x04
0004   00F0           00021     MOVWF W_TEMP
0005   0E03           00022     SWAPF STATUS,W
0006   00F1           00023     MOVWF S_TEMP
                      00024     
0007   110B           00025     BCF INTCON,2
0008   0AF3           00026     INCF COUNTER,F
0009   0874           00027     MOVF ADC_DATA,W
000A   0273           00028     SUBWF COUNTER,W
000B   1D03           00029     BTFSS STATUS,2
000C   2???           00030     GOTO ISR_EXIT
000D   01F3           00031     CLRF COUNTER
000E   0AF2           00032     INCF LED_POS,F
000F   0872           00033     MOVF LED_POS,W
0010   2???           00034     CALL LED_PATTERN
0011   0AF5           00035     INCF LED_DATA,F
0012   1283 1303      00036     BANKSEL PORTD
0014   0088           00037     MOVWF PORTD
                      00038     
                      00039     
MPASM 5.68                          MAIN.ASM   3-25-2026  22:09:38         PAGE  2


LOC  OBJECT CODE     LINE SOURCE TEXT
  VALUE

0015   2???           00040     GOTO ISR_EXIT
                      00041     
                      00042     
0016                  00043 LED_PATTERN:
0016   3907           00044     ANDLW h'7'
0017   0782           00045     ADDWF PCL,F
0018   3401           00046     RETLW b'00000001'   ;if W is 0
0019   3402           00047     RETLW b'00000010'   ;if W is 1
001A   3404           00048     RETLW b'00000100'   ;if W is 2
001B   3408           00049     RETLW b'00001000'   ;if W is 3
001C   3410           00050     RETLW b'00010000'   ;if W is 4
001D   3420           00051     RETLW b'00100000'   ;if W is 5
001E   3440           00052     RETLW b'01000000'   ;if W is 6
001F   3480           00053     RETLW b'10000000'   ;if W is 7
                      00054 
0020                  00055 ISR_EXIT:
0020   0E71           00056     SWAPF S_TEMP,W
0021   0083           00057     MOVWF STATUS
0022   0EF0           00058     SWAPF W_TEMP,F
0023   0E70           00059     SWAPF W_TEMP,W
0024   0009           00060     RETFIE    
                      00061     
                      00062 ;MAIN CODE
                      00063       org 0x60      
0060                  00064 MAIN_INIT:
0060   1683 1303      00065     BANKSEL OSCCON
0062   3067           00066     MOVLW b'01100111'
Message[302]: Register in operand not in bank 0.  Ensure that bank bits are correct.
0063   008F           00067     MOVWF OSCCON
                      00068     
0064   1683 1703      00069     BANKSEL ANSEL   ;BANK3
Message[302]: Register in operand not in bank 0.  Ensure that bank bits are correct.
0066   0188           00070     CLRF ANSEL
Message[302]: Register in operand not in bank 0.  Ensure that bank bits are correct.
0067   0189           00071     CLRF ANSELH
                      00072     
                      00073     ;ADC SETUP
0068   1683 1303      00074     BANKSEL ADCON1
006A   3000           00075     MOVLW b'00000000'
Message[302]: Register in operand not in bank 0.  Ensure that bank bits are correct.
006B   009F           00076     MOVWF ADCON1
Message[302]: Register in operand not in bank 0.  Ensure that bank bits are correct.
006C   1408           00077     BSF ANSEL,0     ;RA0 as analog
                      00078     
006D   1683 1303      00079     BANKSEL TRISA   ;BANK1
Message[302]: Register in operand not in bank 0.  Ensure that bank bits are correct.
006F   1405           00080     BSF TRISA,0     ;RA0 INPUT
0070   1283 1303      00081     BANKSEL ADCON0
0072   3041           00082     MOVLW b'01000001'   ;fclk/8, SELECT AN0, EN ADC
0073   009F           00083     MOVWF ADCON0
                      00084     ;ADC END
                      00085     
0074   2???           00086     CALL DELAY_10US
MPASM 5.68                          MAIN.ASM   3-25-2026  22:09:38         PAGE  3


LOC  OBJECT CODE     LINE SOURCE TEXT
  VALUE

                      00087     
                      00088     ;TIMER2 SETUP
0075   1683 1303      00089     BANKSEL TRISC    
Message[302]: Register in operand not in bank 0.  Ensure that bank bits are correct.
0077   1107           00090     BCF TRISC,2     ;SET RC2 AS OUTPUT FOR THE PWM
0078   30FF           00091     MOVLW h'ff'
Message[302]: Register in operand not in bank 0.  Ensure that bank bits are correct.
0079   0092           00092     MOVWF PR2       ;PR2 NOW HOLDS 256
                      00093     
007A   1283 1303      00094     BANKSEL CCP1CON
007C   300C           00095     MOVLW b'00001100'
007D   0097           00096     MOVWF CCP1CON
007E   1512           00097     BSF T2CON,2
                      00098     ;TIMER2 END
                      00099     
                      00100     ;TIMER0 SETUP
007F   1683 1303      00101     BANKSEL TRISD
Message[302]: Register in operand not in bank 0.  Ensure that bank bits are correct.
0081   0188           00102     CLRF TRISD
0082   01F3           00103     CLRF COUNTER
                      00104     
0083   1283 1303      00105     BANKSEL PORTD
0085   0188           00106     CLRF PORTD
0086   0181           00107     CLRF TMR0
                      00108     
0087   1683 1303      00109     BANKSEL OPTION_REG
Message[302]: Register in operand not in bank 0.  Ensure that bank bits are correct.
0089   1281           00110     BCF OPTION_REG,5
Message[302]: Register in operand not in bank 0.  Ensure that bank bits are correct.
008A   1181           00111     BCF OPTION_REG,3
Message[302]: Register in operand not in bank 0.  Ensure that bank bits are correct.
008B   1101           00112     BCF OPTION_REG,2
Message[302]: Register in operand not in bank 0.  Ensure that bank bits are correct.
008C   1481           00113     BSF OPTION_REG,1
Message[302]: Register in operand not in bank 0.  Ensure that bank bits are correct.
008D   1001           00114     BCF OPTION_REG,0
                      00115     
008E   178B           00116     BSF INTCON,7
008F   168B           00117     BSF INTCON,5
                      00118     ;TIMER0 END
                      00119     
                      00120     ;EUSART SETUP
0090   1683 1303      00121     BANKSEL TRISC
Message[302]: Register in operand not in bank 0.  Ensure that bank bits are correct.
0092   1787           00122     BSF TRISC,7
Message[302]: Register in operand not in bank 0.  Ensure that bank bits are correct.
0093   1707           00123     BSF TRISC,6
                      00124     
0094   1683 1703      00125     BANKSEL BAUDCTL
Message[302]: Register in operand not in bank 0.  Ensure that bank bits are correct.
0096   1187           00126     BCF BAUDCTL,3
                      00127     
0097   1683 1303      00128     BANKSEL TXSTA
MPASM 5.68                          MAIN.ASM   3-25-2026  22:09:38         PAGE  4


LOC  OBJECT CODE     LINE SOURCE TEXT
  VALUE

Message[302]: Register in operand not in bank 0.  Ensure that bank bits are correct.
0099   1318           00129     BCF TXSTA,6
Message[302]: Register in operand not in bank 0.  Ensure that bank bits are correct.
009A   1218           00130     BCF TXSTA,4
Message[302]: Register in operand not in bank 0.  Ensure that bank bits are correct.
009B   1518           00131     BSF TXSTA,2
                      00132     
009C   1683 1303      00133     BANKSEL SPBRG
009E   3019           00134     MOVLW d'25'
Message[302]: Register in operand not in bank 0.  Ensure that bank bits are correct.
009F   0099           00135     MOVWF SPBRG
                      00136     
00A0   1283 1303      00137     BANKSEL RCSTA
00A2   1798           00138     BSF RCSTA,7
                      00139     
00A3   1683 1303      00140     BANKSEL TXSTA
Message[302]: Register in operand not in bank 0.  Ensure that bank bits are correct.
00A5   1698           00141     BSF TXSTA,5
                      00142     ;EUSART END
                      00143     
00A6   2???           00144     GOTO MAIN_LOOP
                      00145     
00A7                  00146 MAIN_LOOP:
00A7   1283 1303      00147     BANKSEL ADCON0
00A9   149F           00148     BSF ADCON0,1
00AA   2???           00149     CALL AN0_WAIT
00AB   2???           00150     CALL DELAY_10US
00AC   2???           00151     CALL LED_LOGIC
00AD   2???           00152     CALL EUSART_WAIT
00AE   2???           00153     GOTO MAIN_LOOP
                      00154     
00AF                  00155 LED_LOGIC:
00AF   3008           00156     MOVLW d'8'
00B0   0275           00157     SUBWF LED_DATA,W
00B1   1D03           00158     BTFSS STATUS,2
00B2   0008           00159     RETURN
00B3   01F5           00160     CLRF LED_DATA
00B4   0008           00161     RETURN
                      00162     
00B5                  00163 AN0_WAIT:
00B5   189F           00164     BTFSC ADCON0,1
00B6   2???           00165     GOTO AN0_WAIT
00B7   081E           00166     MOVF ADRESH,W
00B8   0095           00167     MOVWF CCPR1L
00B9   00F4           00168     MOVWF ADC_DATA
00BA   0008           00169     RETURN
                      00170     
00BB                  00171 DELAY_10US:;;SIMPLE 10US DELAY
00BB   0000           00172     NOP
00BC   0000           00173     NOP
00BD   0000           00174     NOP
00BE   0000           00175     NOP
00BF   0000           00176     NOP
MPASM 5.68                          MAIN.ASM   3-25-2026  22:09:38         PAGE  5


LOC  OBJECT CODE     LINE SOURCE TEXT
  VALUE

00C0   0000           00177     NOP
00C1   0000           00178     NOP
00C2   0000           00179     NOP
00C3   0000           00180     NOP
00C4   0000           00181     NOP
00C5   0008           00182     RETURN
                      00183     
00C6                  00184 EUSART_WAIT:
00C6   1283 1303      00185     BANKSEL PIR1
00C8   1E0C           00186     BTFSS PIR1,4
00C9   2???           00187     GOTO EUSART_WAIT
00CA   1283 1303      00188     BANKSEL TXREG
00CC   0875           00189     MOVF LED_DATA,W
00CD   3E30           00190     ADDLW d'48'    
                      00191 
00CE   0099           00192     MOVWF TXREG
00CF   0008           00193     RETURN
Warning[205]: Found directive in column 1. (END)
2FF4 3FFF             00194 END
MPASM 5.68                          MAIN.ASM   3-25-2026  22:09:38         PAGE  6


SYMBOL TABLE
  LABEL                             VALUE 

ABDEN                             00000000
ABDOVF                            00000007
ACKDT                             00000005
ACKEN                             00000004
ACKSTAT                           00000006
ADCON0                            0000001F
ADCON1                            0000009F
ADCS0                             00000006
ADCS1                             00000007
ADC_DATA                          00000074
ADDEN                             00000003
ADFM                              00000007
ADIE                              00000006
ADIF                              00000006
ADON                              00000000
ADRESH                            0000001E
ADRESL                            0000009E
AN0_WAIT                          000000B5
ANS0                              00000000
ANS1                              00000001
ANS10                             00000002
ANS11                             00000003
ANS12                             00000004
ANS13                             00000005
ANS2                              00000002
ANS3                              00000003
ANS4                              00000004
ANS5                              00000005
ANS6                              00000006
ANS7                              00000007
ANS8                              00000000
ANS9                              00000001
ANSEL                             00000188
ANSELH                            00000189
BAUDCTL                           00000187
BCLIE                             00000003
BCLIF                             00000003
BF                                00000000
BRG0                              00000000
BRG1                              00000001
BRG10                             00000002
BRG11                             00000003
BRG12                             00000004
BRG13                             00000005
BRG14                             00000006
BRG15                             00000007
BRG16                             00000003
BRG2                              00000002
BRG3                              00000003
BRG4                              00000004
BRG5                              00000005
BRG6                              00000006
BRG7                              00000007
MPASM 5.68                          MAIN.ASM   3-25-2026  22:09:38         PAGE  7


SYMBOL TABLE
  LABEL                             VALUE 

BRG8                              00000000
BRG9                              00000001
BRGH                              00000002
C                                 00000000
C1CH0                             00000000
C1CH1                             00000001
C1IE                              00000005
C1IF                              00000005
C1OE                              00000005
C1ON                              00000007
C1OUT                             00000006
C1POL                             00000004
C1R                               00000002
C1RSEL                            00000005
C1SEN                             00000005
C2CH0                             00000000
C2CH1                             00000001
C2IE                              00000006
C2IF                              00000006
C2OE                              00000005
C2ON                              00000007
C2OUT                             00000006
C2POL                             00000004
C2R                               00000002
C2REN                             00000004
C2RSEL                            00000004
C2SYNC                            00000000
CCP1CON                           00000017
CCP1IE                            00000002
CCP1IF                            00000002
CCP1M0                            00000000
CCP1M1                            00000001
CCP1M2                            00000002
CCP1M3                            00000003
CCP1X                             00000005
CCP1Y                             00000004
CCP2CON                           0000001D
CCP2IE                            00000000
CCP2IF                            00000000
CCP2M0                            00000000
CCP2M1                            00000001
CCP2M2                            00000002
CCP2M3                            00000003
CCP2X                             00000005
CCP2Y                             00000004
CCPR1                             00000015
CCPR1H                            00000016
CCPR1L                            00000015
CCPR2                             0000001B
CCPR2H                            0000001C
CCPR2L                            0000001B
CHS0                              00000002
CHS1                              00000003
MPASM 5.68                          MAIN.ASM   3-25-2026  22:09:38         PAGE  8


SYMBOL TABLE
  LABEL                             VALUE 

CHS2                              00000004
CHS3                              00000005
CKE                               00000006
CKP                               00000004
CM1CON0                           00000107
CM2CON0                           00000108
CM2CON1                           00000109
COUNTER                           00000073
CREN                              00000004
CSRC                              00000007
D                                 00000005
DATA_ADDRESS                      00000005
DC                                00000001
DC1B0                             00000004
DC1B1                             00000005
DC2B0                             00000004
DC2B1                             00000005
DELAY_10US                        000000BB
D_A                               00000005
D_NOT_A                           00000005
ECCPAS                            0000009C
ECCPAS0                           00000004
ECCPAS1                           00000005
ECCPAS2                           00000006
ECCPASE                           00000007
EEADR                             0000010D
EEADRH                            0000010F
EECON1                            0000018C
EECON2                            0000018D
EEDAT                             0000010C
EEDATA                            0000010C
EEDATH                            0000010E
EEIE                              00000004
EEIF                              00000004
EEPGD                             00000007
EUSART_WAIT                       000000C6
F                                 00000001
FERR                              00000002
FSR                               00000004
FVREN                             00000000
GCEN                              00000007
GIE                               00000007
GO                                00000001
GO_DONE                           00000001
GO_NOT_DONE                       00000001
HTS                               00000002
I2C_DATA                          00000005
I2C_READ                          00000002
I2C_START                         00000003
I2C_STOP                          00000004
INDF                              00000000
INTCON                            0000000B
INTE                              00000004
MPASM 5.68                          MAIN.ASM   3-25-2026  22:09:38         PAGE  9


SYMBOL TABLE
  LABEL                             VALUE 

INTEDG                            00000006
INTF                              00000001
IOCB                              00000096
IOCB0                             00000000
IOCB1                             00000001
IOCB2                             00000002
IOCB3                             00000003
IOCB4                             00000004
IOCB5                             00000005
IOCB6                             00000006
IOCB7                             00000007
IRCF0                             00000004
IRCF1                             00000005
IRCF2                             00000006
IRP                               00000007
ISR_EXIT                          00000020
LED_DATA                          00000075
LED_LOGIC                         000000AF
LED_PATTERN                       00000016
LED_POS                           00000072
LTS                               00000001
MAIN_INIT                         00000060
MAIN_LOOP                         000000A7
MC1OUT                            00000007
MC2OUT                            00000006
MSK                               00000093
MSK0                              00000000
MSK1                              00000001
MSK2                              00000002
MSK3                              00000003
MSK4                              00000004
MSK5                              00000005
MSK6                              00000006
MSK7                              00000007
NOT_A                             00000005
NOT_ADDRESS                       00000005
NOT_BO                            00000000
NOT_BOR                           00000000
NOT_DONE                          00000001
NOT_PD                            00000003
NOT_POR                           00000001
NOT_RBPU                          00000007
NOT_RC8                           00000006
NOT_T1SYNC                        00000002
NOT_TO                            00000004
NOT_TX8                           00000006
NOT_W                             00000002
NOT_WRITE                         00000002
OERR                              00000001
OPTION_REG                        00000081
OSCCON                            0000008F
OSCTUNE                           00000090
OSFIE                             00000007
MPASM 5.68                          MAIN.ASM   3-25-2026  22:09:38         PAGE 10


SYMBOL TABLE
  LABEL                             VALUE 

OSFIF                             00000007
OSTS                              00000003
P                                 00000004
P1M0                              00000006
P1M1                              00000007
PCL                               00000002
PCLATH                            0000000A
PCON                              0000008E
PDC0                              00000000
PDC1                              00000001
PDC2                              00000002
PDC3                              00000003
PDC4                              00000004
PDC5                              00000005
PDC6                              00000006
PEIE                              00000006
PEN                               00000002
PIE1                              0000008C
PIE2                              0000008D
PIR1                              0000000C
PIR2                              0000000D
PORTA                             00000005
PORTB                             00000006
PORTC                             00000007
PORTD                             00000008
PORTE                             00000009
PR2                               00000092
PRSEN                             00000007
PS0                               00000000
PS1                               00000001
PS2                               00000002
PSA                               00000003
PSSAC0                            00000002
PSSAC1                            00000003
PSSBD0                            00000000
PSSBD1                            00000001
PSTRCON                           0000009D
PULSR                             00000002
PULSS                             00000003
PWM1CON                           0000009B
R                                 00000002
RA0                               00000000
RA1                               00000001
RA2                               00000002
RA3                               00000003
RA4                               00000004
RA5                               00000005
RA6                               00000006
RA7                               00000007
RB0                               00000000
RB1                               00000001
RB2                               00000002
RB3                               00000003
MPASM 5.68                          MAIN.ASM   3-25-2026  22:09:38         PAGE 11


SYMBOL TABLE
  LABEL                             VALUE 

RB4                               00000004
RB5                               00000005
RB6                               00000006
RB7                               00000007
RBIE                              00000003
RBIF                              00000000
RC0                               00000000
RC1                               00000001
RC2                               00000002
RC3                               00000003
RC4                               00000004
RC5                               00000005
RC6                               00000006
RC7                               00000007
RC8_9                             00000006
RC9                               00000006
RCD8                              00000000
RCEN                              00000003
RCIDL                             00000006
RCIE                              00000005
RCIF                              00000005
RCREG                             0000001A
RCSTA                             00000018
RD                                00000000
RD0                               00000000
RD1                               00000001
RD2                               00000002
RD3                               00000003
RD4                               00000004
RD5                               00000005
RD6                               00000006
RD7                               00000007
RE0                               00000000
RE1                               00000001
RE2                               00000002
RE3                               00000003
READ_WRITE                        00000002
RP0                               00000005
RP1                               00000006
RSEN                              00000001
RX9                               00000006
RX9D                              00000000
R_NOT_W                           00000002
R_W                               00000002
S                                 00000003
SBOREN                            00000004
SCKP                              00000004
SCS                               00000000
SEN                               00000000
SENDB                             00000003
SMP                               00000007
SPBRG                             00000099
SPBRGH                            0000009A
MPASM 5.68                          MAIN.ASM   3-25-2026  22:09:38         PAGE 12


SYMBOL TABLE
  LABEL                             VALUE 

SPEN                              00000007
SR0                               00000006
SR1                               00000007
SRCON                             00000185
SREN                              00000005
SSPADD                            00000093
SSPBUF                            00000013
SSPCON                            00000014
SSPCON2                           00000091
SSPEN                             00000005
SSPIE                             00000003
SSPIF                             00000003
SSPM0                             00000000
SSPM1                             00000001
SSPM2                             00000002
SSPM3                             00000003
SSPMSK                            00000093
SSPOV                             00000006
SSPSTAT                           00000094
STATUS                            00000003
STRA                              00000000
STRB                              00000001
STRC                              00000002
STRD                              00000003
STRSYNC                           00000004
SWDTEN                            00000000
SYNC                              00000004
S_TEMP                            00000071
T0CS                              00000005
T0IE                              00000005
T0IF                              00000002
T0SE                              00000004
T1CKPS0                           00000004
T1CKPS1                           00000005
T1CON                             00000010
T1GINV                            00000007
T1GIV                             00000007
T1GSS                             00000001
T1INSYNC                          00000002
T1OSCEN                           00000003
T1SYNC                            00000002
T2CKPS0                           00000000
T2CKPS1                           00000001
T2CON                             00000012
TMR0                              00000001
TMR0IE                            00000005
TMR0IF                            00000002
TMR1                              0000000E
TMR1CS                            00000001
TMR1GE                            00000006
TMR1H                             0000000F
TMR1IE                            00000000
TMR1IF                            00000000
MPASM 5.68                          MAIN.ASM   3-25-2026  22:09:38         PAGE 13


SYMBOL TABLE
  LABEL                             VALUE 

TMR1L                             0000000E
TMR1ON                            00000000
TMR2                              00000011
TMR2IE                            00000001
TMR2IF                            00000001
TMR2ON                            00000002
TOUTPS0                           00000003
TOUTPS1                           00000004
TOUTPS2                           00000005
TOUTPS3                           00000006
TRISA                             00000085
TRISA0                            00000000
TRISA1                            00000001
TRISA2                            00000002
TRISA3                            00000003
TRISA4                            00000004
TRISA5                            00000005
TRISA6                            00000006
TRISA7                            00000007
TRISB                             00000086
TRISB0                            00000000
TRISB1                            00000001
TRISB2                            00000002
TRISB3                            00000003
TRISB4                            00000004
TRISB5                            00000005
TRISB6                            00000006
TRISB7                            00000007
TRISC                             00000087
TRISC0                            00000000
TRISC1                            00000001
TRISC2                            00000002
TRISC3                            00000003
TRISC4                            00000004
TRISC5                            00000005
TRISC6                            00000006
TRISC7                            00000007
TRISD                             00000088
TRISD0                            00000000
TRISD1                            00000001
TRISD2                            00000002
TRISD3                            00000003
TRISD4                            00000004
TRISD5                            00000005
TRISD6                            00000006
TRISD7                            00000007
TRISE                             00000089
TRISE0                            00000000
TRISE1                            00000001
TRISE2                            00000002
TRISE3                            00000003
TRMT                              00000001
TUN0                              00000000
MPASM 5.68                          MAIN.ASM   3-25-2026  22:09:38         PAGE 14


SYMBOL TABLE
  LABEL                             VALUE 

TUN1                              00000001
TUN2                              00000002
TUN3                              00000003
TUN4                              00000004
TX8_9                             00000006
TX9                               00000006
TX9D                              00000000
TXD8                              00000000
TXEN                              00000005
TXIE                              00000004
TXIF                              00000004
TXREG                             00000019
TXSTA                             00000098
UA                                00000001
ULPWUE                            00000005
ULPWUIE                           00000002
ULPWUIF                           00000002
VCFG0                             00000004
VCFG1                             00000005
VR0                               00000000
VR1                               00000001
VR2                               00000002
VR3                               00000003
VRCON                             00000097
VREN                              00000007
VROE                              00000006
VRR                               00000005
VRSS                              00000004
W                                 00000000
WCOL                              00000007
WDTCON                            00000105
WDTPS0                            00000001
WDTPS1                            00000002
WDTPS2                            00000003
WDTPS3                            00000004
WPUB                              00000095
WPUB0                             00000000
WPUB1                             00000001
WPUB2                             00000002
WPUB3                             00000003
WPUB4                             00000004
WPUB5                             00000005
WPUB6                             00000006
WPUB7                             00000007
WR                                00000001
WREN                              00000002
WRERR                             00000003
WUE                               00000001
W_TEMP                            00000070
Z                                 00000002
_BOR21V                           00003EFF
_BOR40V                           00003FFF
_BOR4V_BOR21V                     00003EFF
MPASM 5.68                          MAIN.ASM   3-25-2026  22:09:38         PAGE 15


SYMBOL TABLE
  LABEL                             VALUE 

_BOR4V_BOR40V                     00003FFF
_BOREN_NSLEEP                     00003EFF
_BOREN_OFF                        00003CFF
_BOREN_ON                         00003FFF
_BOREN_SBODEN                     00003DFF
_BOR_NSLEEP                       00003EFF
_BOR_OFF                          00003CFF
_BOR_ON                           00003FFF
_BOR_SBODEN                       00003DFF
_CONFIG1                          00002007
_CONFIG2                          00002008
_CPD_OFF                          00003FFF
_CPD_ON                           00003F7F
_CP_OFF                           00003FFF
_CP_ON                            00003FBF
_DEBUG_OFF                        00003FFF
_DEBUG_ON                         00001FFF
_DEVID1                           00002006
_EC_OSC                           00003FFB
_EXTRC                            00003FFF
_EXTRCIO                          00003FFE
_EXTRC_OSC_CLKOUT                 00003FFF
_EXTRC_OSC_NOCLKOUT               00003FFE
_FCMEN_OFF                        000037FF
_FCMEN_ON                         00003FFF
_FOSC_EC                          00003FFB
_FOSC_EXTRC_CLKOUT                00003FFF
_FOSC_EXTRC_NOCLKOUT              00003FFE
_FOSC_HS                          00003FFA
_FOSC_INTRC_CLKOUT                00003FFD
_FOSC_INTRC_NOCLKOUT              00003FFC
_FOSC_LP                          00003FF8
_FOSC_XT                          00003FF9
_HS_OSC                           00003FFA
_IDLOC0                           00002000
_IDLOC1                           00002001
_IDLOC2                           00002002
_IDLOC3                           00002003
_IESO_OFF                         00003BFF
_IESO_ON                          00003FFF
_INTOSC                           00003FFD
_INTOSCIO                         00003FFC
_INTRC_OSC_CLKOUT                 00003FFD
_INTRC_OSC_NOCLKOUT               00003FFC
_LP_OSC                           00003FF8
_LVP_OFF                          00002FFF
_LVP_ON                           00003FFF
_MCLRE_OFF                        00003FDF
_MCLRE_ON                         00003FFF
_PWRTE_OFF                        00003FFF
_PWRTE_ON                         00003FEF
_WDTE_OFF                         00003FF7
_WDTE_ON                          00003FFF
MPASM 5.68                          MAIN.ASM   3-25-2026  22:09:38         PAGE 16


SYMBOL TABLE
  LABEL                             VALUE 

_WDT_OFF                          00003FF7
_WDT_ON                           00003FFF
_WRT_1FOURTH                      00003BFF
_WRT_256                          00003DFF
_WRT_HALF                         000039FF
_WRT_OFF                          00003FFF
_XT_OSC                           00003FF9
__16F887                          00000001

Errors   :     0
Warnings :     5 reported,     0 suppressed
Messages :    22 reported,     0 suppressed

